[2020-06-03 19:12:20,991] {taskinstance.py:669} INFO - Dependencies all met for <TaskInstance: hello_world.second_task 2020-06-03T13:39:50.261158+00:00 [queued]>
[2020-06-03 19:12:21,000] {taskinstance.py:669} INFO - Dependencies all met for <TaskInstance: hello_world.second_task 2020-06-03T13:39:50.261158+00:00 [queued]>
[2020-06-03 19:12:21,000] {taskinstance.py:879} INFO - 
--------------------------------------------------------------------------------
[2020-06-03 19:12:21,000] {taskinstance.py:880} INFO - Starting attempt 1 of 1
[2020-06-03 19:12:21,000] {taskinstance.py:881} INFO - 
--------------------------------------------------------------------------------
[2020-06-03 19:12:21,010] {taskinstance.py:900} INFO - Executing <Task(PythonOperator): second_task> on 2020-06-03T13:39:50.261158+00:00
[2020-06-03 19:12:21,014] {standard_task_runner.py:53} INFO - Started process 21593 to run task
[2020-06-03 19:12:21,057] {logging_mixin.py:112} INFO - Running %s on host %s <TaskInstance: hello_world.second_task 2020-06-03T13:39:50.261158+00:00 [running]> shreya-nineleaps
[2020-06-03 19:12:21,073] {logging_mixin.py:112} INFO - states    object
cases      int64
date      object
dtype: object
[2020-06-03 19:12:22,665] {logging_mixin.py:112} WARNING - 0it [00:00, ?it/s]
[2020-06-03 19:12:22,671] {logging_mixin.py:112} INFO - [2020-06-03 19:12:22,670] {gbq.py:609} INFO - 38 out of 38 rows loaded.
[2020-06-03 19:12:26,694] {logging_mixin.py:112} WARNING - 1it [00:04,  4.03s/it]
[2020-06-03 19:12:26,695] {logging_mixin.py:112} WARNING - 
[2020-06-03 19:12:26,695] {python_operator.py:114} INFO - Done. Returned value was: None
[2020-06-03 19:12:26,707] {taskinstance.py:1065} INFO - Marking task as SUCCESS.dag_id=hello_world, task_id=second_task, execution_date=20200603T133950, start_date=20200603T134220, end_date=20200603T134226
[2020-06-03 19:12:30,987] {logging_mixin.py:112} INFO - [2020-06-03 19:12:30,986] {local_task_job.py:103} INFO - Task exited with return code 0
