[2020-06-03 19:27:56,628] {taskinstance.py:669} INFO - Dependencies all met for <TaskInstance: covid_statewise.to_bigquery 2020-06-03T13:51:47.667610+00:00 [queued]>
[2020-06-03 19:27:56,636] {taskinstance.py:669} INFO - Dependencies all met for <TaskInstance: covid_statewise.to_bigquery 2020-06-03T13:51:47.667610+00:00 [queued]>
[2020-06-03 19:27:56,637] {taskinstance.py:879} INFO - 
--------------------------------------------------------------------------------
[2020-06-03 19:27:56,637] {taskinstance.py:880} INFO - Starting attempt 1 of 1
[2020-06-03 19:27:56,637] {taskinstance.py:881} INFO - 
--------------------------------------------------------------------------------
[2020-06-03 19:27:56,644] {taskinstance.py:900} INFO - Executing <Task(PythonOperator): to_bigquery> on 2020-06-03T13:51:47.667610+00:00
[2020-06-03 19:27:56,647] {standard_task_runner.py:53} INFO - Started process 22566 to run task
[2020-06-03 19:27:56,698] {logging_mixin.py:112} INFO - Running %s on host %s <TaskInstance: covid_statewise.to_bigquery 2020-06-03T13:51:47.667610+00:00 [running]> shreya-nineleaps
[2020-06-03 19:27:56,715] {logging_mixin.py:112} INFO - states    object
cases      int64
date      object
dtype: object
[2020-06-03 19:27:58,507] {logging_mixin.py:112} WARNING - 0it [00:00, ?it/s]
[2020-06-03 19:27:58,513] {logging_mixin.py:112} INFO - [2020-06-03 19:27:58,512] {gbq.py:609} INFO - 38 out of 38 rows loaded.
[2020-06-03 19:28:02,081] {logging_mixin.py:112} WARNING - 1it [00:03,  3.57s/it]
[2020-06-03 19:28:02,082] {logging_mixin.py:112} WARNING - 
[2020-06-03 19:28:02,082] {python_operator.py:114} INFO - Done. Returned value was: None
[2020-06-03 19:28:02,094] {taskinstance.py:1065} INFO - Marking task as SUCCESS.dag_id=covid_statewise, task_id=to_bigquery, execution_date=20200603T135147, start_date=20200603T135756, end_date=20200603T135802
[2020-06-03 19:28:06,626] {logging_mixin.py:112} INFO - [2020-06-03 19:28:06,625] {local_task_job.py:103} INFO - Task exited with return code 0
