[2020-06-03 19:32:32,956] {taskinstance.py:669} INFO - Dependencies all met for <TaskInstance: covid_statewise.to_bigquery 2020-06-03T14:00:08.440903+00:00 [queued]>
[2020-06-03 19:32:32,965] {taskinstance.py:669} INFO - Dependencies all met for <TaskInstance: covid_statewise.to_bigquery 2020-06-03T14:00:08.440903+00:00 [queued]>
[2020-06-03 19:32:32,966] {taskinstance.py:879} INFO - 
--------------------------------------------------------------------------------
[2020-06-03 19:32:32,966] {taskinstance.py:880} INFO - Starting attempt 1 of 1
[2020-06-03 19:32:32,966] {taskinstance.py:881} INFO - 
--------------------------------------------------------------------------------
[2020-06-03 19:32:32,973] {taskinstance.py:900} INFO - Executing <Task(PythonOperator): to_bigquery> on 2020-06-03T14:00:08.440903+00:00
[2020-06-03 19:32:32,976] {standard_task_runner.py:53} INFO - Started process 22860 to run task
[2020-06-03 19:32:33,016] {logging_mixin.py:112} INFO - Running %s on host %s <TaskInstance: covid_statewise.to_bigquery 2020-06-03T14:00:08.440903+00:00 [running]> shreya-nineleaps
[2020-06-03 19:32:33,031] {logging_mixin.py:112} INFO - states    object
cases      int64
date      object
dtype: object
[2020-06-03 19:32:35,654] {logging_mixin.py:112} WARNING - 0it [00:00, ?it/s]
[2020-06-03 19:32:35,660] {logging_mixin.py:112} INFO - [2020-06-03 19:32:35,660] {gbq.py:609} INFO - 38 out of 38 rows loaded.
[2020-06-03 19:32:39,898] {logging_mixin.py:112} WARNING - 1it [00:04,  4.24s/it]
[2020-06-03 19:32:39,898] {logging_mixin.py:112} WARNING - 
[2020-06-03 19:32:39,899] {python_operator.py:114} INFO - Done. Returned value was: None
[2020-06-03 19:32:39,910] {taskinstance.py:1065} INFO - Marking task as SUCCESS.dag_id=covid_statewise, task_id=to_bigquery, execution_date=20200603T140008, start_date=20200603T140232, end_date=20200603T140239
[2020-06-03 19:32:42,944] {logging_mixin.py:112} INFO - [2020-06-03 19:32:42,944] {local_task_job.py:103} INFO - Task exited with return code 0
