[2020-06-03 19:27:44,899] {taskinstance.py:669} INFO - Dependencies all met for <TaskInstance: covid_statewise.to_bigquery 2020-06-03T13:50:43.772279+00:00 [queued]>
[2020-06-03 19:27:44,914] {taskinstance.py:669} INFO - Dependencies all met for <TaskInstance: covid_statewise.to_bigquery 2020-06-03T13:50:43.772279+00:00 [queued]>
[2020-06-03 19:27:44,914] {taskinstance.py:879} INFO - 
--------------------------------------------------------------------------------
[2020-06-03 19:27:44,914] {taskinstance.py:880} INFO - Starting attempt 1 of 1
[2020-06-03 19:27:44,914] {taskinstance.py:881} INFO - 
--------------------------------------------------------------------------------
[2020-06-03 19:27:44,923] {taskinstance.py:900} INFO - Executing <Task(PythonOperator): to_bigquery> on 2020-06-03T13:50:43.772279+00:00
[2020-06-03 19:27:44,926] {standard_task_runner.py:53} INFO - Started process 22557 to run task
[2020-06-03 19:27:44,982] {logging_mixin.py:112} INFO - Running %s on host %s <TaskInstance: covid_statewise.to_bigquery 2020-06-03T13:50:43.772279+00:00 [running]> shreya-nineleaps
[2020-06-03 19:27:44,999] {logging_mixin.py:112} INFO - states    object
cases      int64
date      object
dtype: object
[2020-06-03 19:27:47,373] {logging_mixin.py:112} WARNING - 0it [00:00, ?it/s]
[2020-06-03 19:27:47,380] {logging_mixin.py:112} INFO - [2020-06-03 19:27:47,379] {gbq.py:609} INFO - 38 out of 38 rows loaded.
[2020-06-03 19:27:51,934] {logging_mixin.py:112} WARNING - 1it [00:04,  4.56s/it]
[2020-06-03 19:27:51,934] {logging_mixin.py:112} WARNING - 
[2020-06-03 19:27:51,934] {python_operator.py:114} INFO - Done. Returned value was: None
[2020-06-03 19:27:51,945] {taskinstance.py:1065} INFO - Marking task as SUCCESS.dag_id=covid_statewise, task_id=to_bigquery, execution_date=20200603T135043, start_date=20200603T135744, end_date=20200603T135751
[2020-06-03 19:27:54,882] {logging_mixin.py:112} INFO - [2020-06-03 19:27:54,882] {local_task_job.py:103} INFO - Task exited with return code 0
