[2020-06-03 19:29:11,297] {taskinstance.py:669} INFO - Dependencies all met for <TaskInstance: covid_statewise.percentage_upload 2020-06-03T13:50:43.772279+00:00 [queued]>
[2020-06-03 19:29:11,308] {taskinstance.py:669} INFO - Dependencies all met for <TaskInstance: covid_statewise.percentage_upload 2020-06-03T13:50:43.772279+00:00 [queued]>
[2020-06-03 19:29:11,308] {taskinstance.py:879} INFO - 
--------------------------------------------------------------------------------
[2020-06-03 19:29:11,308] {taskinstance.py:880} INFO - Starting attempt 1 of 1
[2020-06-03 19:29:11,308] {taskinstance.py:881} INFO - 
--------------------------------------------------------------------------------
[2020-06-03 19:29:11,317] {taskinstance.py:900} INFO - Executing <Task(PythonOperator): percentage_upload> on 2020-06-03T13:50:43.772279+00:00
[2020-06-03 19:29:11,320] {standard_task_runner.py:53} INFO - Started process 22658 to run task
[2020-06-03 19:29:11,365] {logging_mixin.py:112} INFO - Running %s on host %s <TaskInstance: covid_statewise.percentage_upload 2020-06-03T13:50:43.772279+00:00 [running]> shreya-nineleaps
[2020-06-03 19:29:11,381] {taskinstance.py:1145} ERROR - name 'project_id' is not defined
Traceback (most recent call last):
  File "/home/nineleaps/anaconda3/lib/python3.7/site-packages/airflow/models/taskinstance.py", line 983, in _run_raw_task
    result = task_copy.execute(context=context)
  File "/home/nineleaps/anaconda3/lib/python3.7/site-packages/airflow/operators/python_operator.py", line 113, in execute
    return_value = self.execute_callable()
  File "/home/nineleaps/anaconda3/lib/python3.7/site-packages/airflow/operators/python_operator.py", line 118, in execute_callable
    return self.python_callable(*self.op_args, **self.op_kwargs)
  File "/home/nineleaps/airflow/dags/hello_world.py", line 49, in percentage_upload
    client = bigquery.Client(project=project_id, credentials=credentials)
NameError: name 'project_id' is not defined
[2020-06-03 19:29:11,382] {taskinstance.py:1202} INFO - Marking task as FAILED.dag_id=covid_statewise, task_id=percentage_upload, execution_date=20200603T135043, start_date=20200603T135911, end_date=20200603T135911
[2020-06-03 19:29:21,292] {logging_mixin.py:112} INFO - [2020-06-03 19:29:21,292] {local_task_job.py:103} INFO - Task exited with return code 1
